<?xml version="1.0" encoding="UTF-8"?>
<!-- Generated by org.testng.reporters.JUnitXMLReporter -->
<testsuite hostname="vicky-PC" ignored="0" name="FreeCRMTest" tests="5" failures="0" timestamp="2020-07-31T16:24:58 IST" time="132.95" errors="0">
  <testcase name="varifyLoginPageTitle" time="0.194" classname="com.nop.qa.testcases.LoginPageTest"/>
  <testcase name="verifyLoginPageURL" time="0.033" classname="com.nop.qa.testcases.LoginPageTest"/>
  <testcase name="verifyLoginPageLoginFunctionality" time="16.024" classname="com.nop.qa.testcases.LoginPageTest"/>
  <testcase name="verifyAddProductPageTitle" time="0.082" classname="com.nop.qa.testcases.ProductAddPageTest"/>
  <testcase name="verifyAddProductPageURL" time="0.118" classname="com.nop.qa.testcases.ProductAddPageTest"/>
</testsuite> <!-- FreeCRMTest -->
