<?xml version="1.0" encoding="UTF-8"?>
<!-- Generated by org.testng.reporters.JUnitXMLReporter -->
<testsuite hostname="vicky-PC" ignored="0" name="Default test" tests="2" failures="0" timestamp="2020-07-31T16:14:37 IST" time="90.534" errors="0">
  <testcase name="verifyAddProductPageTitle" time="0.163" classname="com.nop.qa.testcases.ProductAddPageTest"/>
  <testcase name="verifyAddProductPageURL" time="0.09" classname="com.nop.qa.testcases.ProductAddPageTest"/>
</testsuite> <!-- Default test -->
