<?xml version="1.0" encoding="UTF-8"?>
<!-- Generated by org.testng.reporters.JUnitXMLReporter -->
<testsuite hostname="vicky-PC" ignored="0" name="FreeCRMTest" tests="5" failures="0" timestamp="2020-07-31T16:34:26 IST" time="158.242" errors="0">
  <testcase name="varifyLoginPageTitle" time="0.141" classname="com.nop.qa.testcases.LoginPageTest"/>
  <testcase name="verifyLoginPageURL" time="0.029" classname="com.nop.qa.testcases.LoginPageTest"/>
  <testcase name="verifyLoginPageLoginFunctionality" time="25.629" classname="com.nop.qa.testcases.LoginPageTest"/>
  <testcase name="verifyAddProductPageTitle" time="0.027" classname="com.nop.qa.testcases.ProductAddPageTest"/>
  <testcase name="verifyAddProductPageURL" time="0.069" classname="com.nop.qa.testcases.ProductAddPageTest"/>
</testsuite> <!-- FreeCRMTest -->
